<?xml version="1.0" encoding="UTF-8"?>
<!-- Generated by org.testng.reporters.JUnitXMLReporter -->
<testsuite ignored="0" hostname="DESKTOP-RVFA2EC" failures="0" tests="10" name="Default test" time="104.516" errors="0" timestamp="2026-02-07T14:06:40 IST">
  <testcase classname="com.demoblaze.DemoBlaze" name="validLoginTest" time="6.57"/>
  <testcase classname="com.demoblaze.DemoBlaze" name="invalidLoginTest" time="4.511"/>
  <testcase classname="com.demoblaze.DemoBlaze" name="blankLoginTest" time="2.287"/>
  <testcase classname="com.demoblaze.DemoBlaze" name="searchProduct" time="4.971"/>
  <testcase classname="com.demoblaze.DemoBlaze" name="searchProduct1" time="4.847"/>
  <testcase classname="com.demoblaze.DemoBlaze" name="addtoCart" time="6.783"/>
  <testcase classname="com.demoblaze.DemoBlaze" name="verifyProductAddedToCart" time="5.954"/>
  <testcase classname="com.demoblaze.DemoBlaze" name="LogoutTest" time="8.776"/>
  <testcase classname="com.demoblaze.DemoBlaze" name="placeOrder" time="17.298"/>
  <testcase classname="com.demoblaze.DemoBlaze" name="verifyOrderConfirmation" time="17.155"/>
</testsuite> <!-- Default test -->
