<?xml version="1.0" encoding="UTF-8"?>
<!-- Generated by org.testng.reporters.JUnitReportReporter -->
<testsuite hostname="DESKTOP-RVFA2EC" failures="0" tests="10" name="com.demoblaze.DemoBlaze" time="104.425" errors="0" timestamp="2026-02-07T14:06:40 IST" skipped="0">
  <testcase classname="com.demoblaze.DemoBlaze" name="validLoginTest" time="8.861"/>
  <testcase classname="com.demoblaze.DemoBlaze" name="invalidLoginTest" time="8.054"/>
  <testcase classname="com.demoblaze.DemoBlaze" name="blankLoginTest" time="4.634"/>
  <testcase classname="com.demoblaze.DemoBlaze" name="searchProduct" time="8.083"/>
  <testcase classname="com.demoblaze.DemoBlaze" name="searchProduct1" time="6.747"/>
  <testcase classname="com.demoblaze.DemoBlaze" name="addtoCart" time="9.305"/>
  <testcase classname="com.demoblaze.DemoBlaze" name="verifyProductAddedToCart" time="7.813"/>
  <testcase classname="com.demoblaze.DemoBlaze" name="LogoutTest" time="11.502"/>
  <testcase classname="com.demoblaze.DemoBlaze" name="placeOrder" time="19.824"/>
  <testcase classname="com.demoblaze.DemoBlaze" name="verifyOrderConfirmation" time="19.602"/>
</testsuite> <!-- com.demoblaze.DemoBlaze -->
